<?xml version="1.0" encoding="UTF-8"?>
<!-- Generated by org.testng.reporters.JUnitReportReporter -->
<testsuite hostname="DESKTOP-QE9PGIJ" failures="0" tests="2" name="SeleniumTest" time="0.005" errors="0" timestamp="2021-02-03T13:34:00 IST" skipped="0">
  <testcase classname="SeleniumTest" name="browserautomation" time="0.000"/>
  <system-out/>
  <testcase classname="SeleniumTest" name="Elementsui" time="0.005"/>
  <system-out/>
</testsuite> <!-- SeleniumTest -->
