<?xml version="1.0" encoding="UTF-8"?>
<!-- Generated by org.testng.reporters.JUnitReportReporter -->
<testsuite hostname="DESKTOP-QE9PGIJ" failures="0" tests="2" name="ApiTest" time="0.013" errors="0" timestamp="2021-02-03T13:34:00 IST" skipped="0">
  <testcase classname="ApiTest" name="dwerty" time="0.012"/>
  <system-out/>
  <testcase classname="ApiTest" name="trirty" time="0.001"/>
  <system-out/>
</testsuite> <!-- ApiTest -->
