<?xml version="1.0" encoding="UTF-8"?>
<!-- Generated by org.testng.reporters.JUnitReportReporter -->
<testsuite hostname="DESKTOP-QE9PGIJ" failures="0" tests="2" name="AppiumTest" time="0.007" errors="0" timestamp="2021-02-03T13:34:00 IST" skipped="0">
  <testcase classname="AppiumTest" name="solmon" time="0.007"/>
  <system-out/>
  <testcase classname="AppiumTest" name="weebeing" time="0.000"/>
  <system-out/>
</testsuite> <!-- AppiumTest -->
